Using pre-set license
Built from '2021.1/staging' branch; Version is '2021.1.18f1 (25bdc3efbc2d) revision 2473411'; Using compiler version '192528614'; Build Type 'Release'
OS: 'Windows 10 Education; OS build 19042.1586; Version 2009; 64bit' Language: 'en' Physical Memory: 8024 MB
BatchMode: 1, IsHumanControllingUs: 0, StartBugReporterOnCrash: 0, Is64bit: 1, IsPro: 0

COMMAND LINE ARGUMENTS:
C:\Program Files\Unity\Hub\Editor\2021.1.18f1\Editor\Unity.exe
-adb2
-batchMode
-noUpm
-name
AssetImportWorker1
-projectPath
C:/temp/FMP/FMP
-logFile
Logs/AssetImportWorker1.log
-srvPort
59874
Successfully changed project path to: C:/temp/FMP/FMP
C:/temp/FMP/FMP
Using Asset Import Pipeline V2.
Refreshing native plugins compatible for Editor in 159.40 ms, found 3 plugins.
Preloading 0 native plugins for Editor in 0.00 ms.
Initialize engine version: 2021.1.18f1 (25bdc3efbc2d)
[Subsystems] Discovering subsystems at path C:/Program Files/Unity/Hub/Editor/2021.1.18f1/Editor/Data/Resources/UnitySubsystems
[Subsystems] Discovering subsystems at path C:/temp/FMP/FMP/Assets
GfxDevice: creating device client; threaded=0; jobified=0
Direct3D:
    Version:  Direct3D 11.0 [level 11.1]
    Renderer: Intel(R) UHD Graphics 630 (ID=0x3e91)
    Vendor:   Intel
    VRAM:     4012 MB
    Driver:   27.20.100.9415
Initialize mono
Mono path[0] = 'C:/Program Files/Unity/Hub/Editor/2021.1.18f1/Editor/Data/Managed'
Mono path[1] = 'C:/Program Files/Unity/Hub/Editor/2021.1.18f1/Editor/Data/MonoBleedingEdge/lib/mono/unityjit'
Mono config path = 'C:/Program Files/Unity/Hub/Editor/2021.1.18f1/Editor/Data/MonoBleedingEdge/etc'
Using monoOptions --debugger-agent=transport=dt_socket,embedding=1,server=y,suspend=n,address=127.0.0.1:56236
Begin MonoManager ReloadAssembly
Registering precompiled unity dll's ...
Register platform support module: C:/Program Files/Unity/Hub/Editor/2021.1.18f1/Editor/Data/PlaybackEngines/WindowsStandaloneSupport/UnityEditor.WindowsStandalone.Extensions.dll
Registered in 0.002331 seconds.
Native extension for WindowsStandalone target not found
Refreshing native plugins compatible for Editor in 141.52 ms, found 3 plugins.
Preloading 0 native plugins for Editor in 0.00 ms.
Mono: successfully reloaded assembly
- Completed reload, in  5.960 seconds
Domain Reload Profiling:
	ReloadAssembly (5960ms)
		BeginReloadAssembly (91ms)
			ExecutionOrderSort (0ms)
			DisableScriptedObjects (0ms)
			BackupInstance (0ms)
			ReleaseScriptingObjects (0ms)
			CreateAndSetChildDomain (1ms)
		EndReloadAssembly (593ms)
			LoadAssemblies (89ms)
			RebuildTransferFunctionScriptingTraits (0ms)
			SetupTypeCache (196ms)
			ReleaseScriptCaches (0ms)
			RebuildScriptCaches (36ms)
			SetupLoadedEditorAssemblies (303ms)
				LogAssemblyErrors (0ms)
				InitializePlatformSupportModulesInManaged (7ms)
				SetLoadedEditorAssemblies (0ms)
				RefreshPlugins (142ms)
				BeforeProcessingInitializeOnLoad (2ms)
				ProcessInitializeOnLoadAttributes (116ms)
				ProcessInitializeOnLoadMethodAttributes (36ms)
				AfterProcessingInitializeOnLoad (0ms)
				EditorAssembliesLoaded (0ms)
			ExecutionOrderSort2 (0ms)
			AwakeInstancesAfterBackupRestoration (0ms)
Platform modules already initialized, skipping
Registering precompiled user dll's ...
Registered in 0.010849 seconds.
Begin MonoManager ReloadAssembly
Symbol file LoadedFromMemory doesn't match image C:\temp\FMP\FMP\Library\PackageCache\com.unity.visualscripting@1.6.1\Editor\VisualScripting.Core\Dependencies\YamlDotNet\Unity.VisualScripting.YamlDotNet.dll
Symbol file LoadedFromMemory doesn't match image C:\temp\FMP\FMP\Library\PackageCache\com.unity.visualscripting@1.6.1\Editor\VisualScripting.Core\Dependencies\DotNetZip\Unity.VisualScripting.IonicZip.dll
Native extension for WindowsStandalone target not found
Refreshing native plugins compatible for Editor in 144.94 ms, found 3 plugins.
Preloading 0 native plugins for Editor in 0.00 ms.
Mono: successfully reloaded assembly
- Completed reload, in  2.454 seconds
Domain Reload Profiling:
	ReloadAssembly (2455ms)
		BeginReloadAssembly (200ms)
			ExecutionOrderSort (0ms)
			DisableScriptedObjects (5ms)
			BackupInstance (0ms)
			ReleaseScriptingObjects (0ms)
			CreateAndSetChildDomain (29ms)
		EndReloadAssembly (2179ms)
			LoadAssemblies (133ms)
			RebuildTransferFunctionScriptingTraits (0ms)
			SetupTypeCache (481ms)
			ReleaseScriptCaches (1ms)
			RebuildScriptCaches (73ms)
			SetupLoadedEditorAssemblies (1382ms)
				LogAssemblyErrors (0ms)
				InitializePlatformSupportModulesInManaged (5ms)
				SetLoadedEditorAssemblies (0ms)
				RefreshPlugins (145ms)
				BeforeProcessingInitializeOnLoad (124ms)
				ProcessInitializeOnLoadAttributes (1093ms)
				ProcessInitializeOnLoadMethodAttributes (6ms)
				AfterProcessingInitializeOnLoad (8ms)
				EditorAssembliesLoaded (0ms)
			ExecutionOrderSort2 (0ms)
			AwakeInstancesAfterBackupRestoration (8ms)
Platform modules already initialized, skipping
========================================================================
Worker process is ready to serve import requests
Launched and connected shader compiler UnityShaderCompiler.exe after 0.10 seconds
Refreshing native plugins compatible for Editor in 0.89 ms, found 3 plugins.
Preloading 0 native plugins for Editor in 0.00 ms.
Unloading 4677 Unused Serialized files (Serialized files now loaded: 0)
System memory in use before: 184.0 MB.
System memory in use after: 184.3 MB.

Unloading 28 unused Assets to reduce memory usage. Loaded Objects now: 5121.
Total: 5.963900 ms (FindLiveObjects: 0.418200 ms CreateObjectMapping: 0.268600 ms MarkObjects: 5.175300 ms  DeleteObjects: 0.100200 ms)

AssetImportParameters requested are different than current active one (requested -> active):
  custom:framework-win-MediaFoundation: 216162199b28c13a410421893ffa2e32 -> 
  custom:video-decoder-ogg-theora: a1e56fd34408186e4bbccfd4996cb3dc -> 
  custom:container-muxer-webm: aa71ff27fc2769a1b78a27578f13a17b -> 
  custom:container-demuxer-webm: 4f35f7cbe854078d1ac9338744f61a02 -> 
  custom:container-demuxer-ogg: 62fdf1f143b41e24485cea50d1cbac27 -> 
  custom:video-encoder-webm-vp8: eb34c28f22e8b96e1ab97ce403110664 -> 
  custom:video-decoder-webm-vp8: 9c59270c3fd7afecdb556c50c9e8de78 -> 
  custom:audio-decoder-ogg-vorbis: bf7c407c2cedff20999df2af8eb42d56 -> 
  custom:audio-encoder-webm-vorbis: bf7c407c2cedff20999df2af8eb42d56 -> 
========================================================================
Received Import Request.
  path: Assets/Player/Player #2.fbx
  artifactKey: Guid(1bf70f72df2f84b4c9113272b8ee5fd9) Importer(815301076,1909f56bfc062723c751e8b465ee728b)
Start importing Assets/Player/Player #2.fbx using Guid(1bf70f72df2f84b4c9113272b8ee5fd9) Importer(815301076,1909f56bfc062723c751e8b465ee728b)  -> (artifact id: '1db6b5e3a2ebbc0db06f19558a32efc1') in 0.824261 seconds 
========================================================================
Received Import Request.
  Time since last request: 0.000409 seconds.
  path: Assets/Player
  artifactKey: Guid(004a1faa519eb924b9562ac8979cd0da) Importer(815301076,1909f56bfc062723c751e8b465ee728b)
Start importing Assets/Player using Guid(004a1faa519eb924b9562ac8979cd0da) Importer(815301076,1909f56bfc062723c751e8b465ee728b)  -> (artifact id: '83f9940b7275cb0cba65a74e09505663') in 0.010025 seconds 
========================================================================
Received Import Request.
  Time since last request: 0.000361 seconds.
  path: Assets/New Terrain.asset
  artifactKey: Guid(85542d2e943666045bbe52336d6b74ed) Importer(815301076,1909f56bfc062723c751e8b465ee728b)
Start importing Assets/New Terrain.asset using Guid(85542d2e943666045bbe52336d6b74ed) Importer(815301076,1909f56bfc062723c751e8b465ee728b)  -> (artifact id: '5d5fea1fd9b419099bdd4c31cf31ca25') in 0.025552 seconds 
========================================================================
Received Import Request.
  Time since last request: 0.000370 seconds.
  path: Assets/Player/skin.mat
  artifactKey: Guid(bd9134493a7cf78478b0496da4afb42a) Importer(815301076,1909f56bfc062723c751e8b465ee728b)
Start importing Assets/Player/skin.mat using Guid(bd9134493a7cf78478b0496da4afb42a) Importer(815301076,1909f56bfc062723c751e8b465ee728b)  -> (artifact id: 'e41de4cbcaf4433312d15e02bfbbde77') in 0.024266 seconds 
========================================================================
Received Import Request.
  Time since last request: 0.000362 seconds.
  path: Assets/Player/Player 1.fbx
  artifactKey: Guid(f09710c29bc4b904892530d318c6915e) Importer(815301076,1909f56bfc062723c751e8b465ee728b)
Start importing Assets/Player/Player 1.fbx using Guid(f09710c29bc4b904892530d318c6915e) Importer(815301076,1909f56bfc062723c751e8b465ee728b)  -> (artifact id: '7afe8230809c2ea5d24ef82769841d5a') in 0.295154 seconds 
========================================================================
Received Import Request.
  Time since last request: 0.000427 seconds.
  path: Assets/Readme.asset
  artifactKey: Guid(83c2ed844a8c74b779a4c823d16594b1) Importer(815301076,1909f56bfc062723c751e8b465ee728b)
Start importing Assets/Readme.asset using Guid(83c2ed844a8c74b779a4c823d16594b1) Importer(815301076,1909f56bfc062723c751e8b465ee728b)  -> (artifact id: 'e560e0aa6ed1778b635081296c702a2e') in 0.009181 seconds 
========================================================================
Received Import Request.
  Time since last request: 10.838660 seconds.
  path: Assets/Player/Player 1.fbx
  artifactKey: Guid(f09710c29bc4b904892530d318c6915e) Importer(815301076,1909f56bfc062723c751e8b465ee728b)
Start importing Assets/Player/Player 1.fbx using Guid(f09710c29bc4b904892530d318c6915e) Importer(815301076,1909f56bfc062723c751e8b465ee728b)  -> (artifact id: '6d443c0866f675fa5c825708aa4d3f3d') in 0.434629 seconds 
========================================================================
Received Import Request.
  Time since last request: 445.883049 seconds.
  path: Assets/Player/Player 1.fbx
  artifactKey: Guid(f09710c29bc4b904892530d318c6915e) Importer(815301076,1909f56bfc062723c751e8b465ee728b)
Start importing Assets/Player/Player 1.fbx using Guid(f09710c29bc4b904892530d318c6915e) Importer(815301076,1909f56bfc062723c751e8b465ee728b)  -> (artifact id: 'a52652ed4731b323f4891cde51beec42') in 0.425439 seconds 
========================================================================
Received Import Request.
  Time since last request: 6.594933 seconds.
  path: Assets/Player/Player 1.fbx
  artifactKey: Guid(f09710c29bc4b904892530d318c6915e) Importer(815301076,1909f56bfc062723c751e8b465ee728b)
Start importing Assets/Player/Player 1.fbx using Guid(f09710c29bc4b904892530d318c6915e) Importer(815301076,1909f56bfc062723c751e8b465ee728b)  -> (artifact id: '4b63f82571f959a3e84cf6ebe6e0e345') in 0.370423 seconds 
========================================================================
Received Import Request.
  Time since last request: 242.799414 seconds.
  path: Assets/Player/Player 1.fbx
  artifactKey: Guid(f09710c29bc4b904892530d318c6915e) Importer(815301076,1909f56bfc062723c751e8b465ee728b)
Start importing Assets/Player/Player 1.fbx using Guid(f09710c29bc4b904892530d318c6915e) Importer(815301076,1909f56bfc062723c751e8b465ee728b)  -> (artifact id: '37ce60e0eb97dd748001ee79e83ca7dd') in 0.440989 seconds 
========================================================================
Received Import Request.
  Time since last request: 31.535518 seconds.
  path: Assets/Player/Player 1.fbx
  artifactKey: Guid(f09710c29bc4b904892530d318c6915e) Importer(815301076,1909f56bfc062723c751e8b465ee728b)
Start importing Assets/Player/Player 1.fbx using Guid(f09710c29bc4b904892530d318c6915e) Importer(815301076,1909f56bfc062723c751e8b465ee728b)  -> (artifact id: '9fdb1947eb9f6a798ff8c397a7e460e7') in 0.549946 seconds 
========================================================================
Received Import Request.
  Time since last request: 69.695757 seconds.
  path: Assets/Player/Player 1.fbx
  artifactKey: Guid(f09710c29bc4b904892530d318c6915e) Importer(815301076,1909f56bfc062723c751e8b465ee728b)
Start importing Assets/Player/Player 1.fbx using Guid(f09710c29bc4b904892530d318c6915e) Importer(815301076,1909f56bfc062723c751e8b465ee728b)  -> (artifact id: '5fe968dd3154da9a4c222728defd7e0d') in 0.352032 seconds 
========================================================================
Received Import Request.
  Time since last request: 445.785690 seconds.
  path: Assets/Player/Player 1.fbx
  artifactKey: Guid(f09710c29bc4b904892530d318c6915e) Importer(815301076,1909f56bfc062723c751e8b465ee728b)
Start importing Assets/Player/Player 1.fbx using Guid(f09710c29bc4b904892530d318c6915e) Importer(815301076,1909f56bfc062723c751e8b465ee728b)  -> (artifact id: '740a1210df0e7f2a75e7cc63db28b7fe') in 0.354783 seconds 
========================================================================
Received Import Request.
  Time since last request: 74.046298 seconds.
  path: Assets/Player/Player 1.fbx
  artifactKey: Guid(f09710c29bc4b904892530d318c6915e) Importer(815301076,1909f56bfc062723c751e8b465ee728b)
Start importing Assets/Player/Player 1.fbx using Guid(f09710c29bc4b904892530d318c6915e) Importer(815301076,1909f56bfc062723c751e8b465ee728b)  -> (artifact id: 'efb66360fa29a79da1345be8508476f0') in 0.425820 seconds 
========================================================================
Received Import Request.
  Time since last request: 68.689828 seconds.
  path: Assets/Player/Player 1.fbx
  artifactKey: Guid(f09710c29bc4b904892530d318c6915e) Importer(815301076,1909f56bfc062723c751e8b465ee728b)
Start importing Assets/Player/Player 1.fbx using Guid(f09710c29bc4b904892530d318c6915e) Importer(815301076,1909f56bfc062723c751e8b465ee728b)  -> (artifact id: '5e887496097baea1ad399d42bdb2e1ca') in 0.503449 seconds 
========================================================================
Received Import Request.
  Time since last request: 78.919822 seconds.
  path: Assets/Player/Player 1.fbx
  artifactKey: Guid(f09710c29bc4b904892530d318c6915e) Importer(815301076,1909f56bfc062723c751e8b465ee728b)
Start importing Assets/Player/Player 1.fbx using Guid(f09710c29bc4b904892530d318c6915e) Importer(815301076,1909f56bfc062723c751e8b465ee728b)  -> (artifact id: 'b7a44abbce1c55eac67ad30cf7330f23') in 0.449723 seconds 
========================================================================
Received Import Request.
  Time since last request: 46.031077 seconds.
  path: Assets/Player/Player 1.fbx
  artifactKey: Guid(f09710c29bc4b904892530d318c6915e) Importer(815301076,1909f56bfc062723c751e8b465ee728b)
Start importing Assets/Player/Player 1.fbx using Guid(f09710c29bc4b904892530d318c6915e) Importer(815301076,1909f56bfc062723c751e8b465ee728b)  -> (artifact id: '26cdb2893f1915ed93c10daedcbbc244') in 0.312974 seconds 
========================================================================
Received Import Request.
  Time since last request: 77.004554 seconds.
  path: Assets/Player/Player 1.fbx
  artifactKey: Guid(f09710c29bc4b904892530d318c6915e) Importer(815301076,1909f56bfc062723c751e8b465ee728b)
Start importing Assets/Player/Player 1.fbx using Guid(f09710c29bc4b904892530d318c6915e) Importer(815301076,1909f56bfc062723c751e8b465ee728b)  -> (artifact id: 'fe075a5fbe8f9bff197a1b6bb7b26031') in 0.473484 seconds 
========================================================================
Received Import Request.
  Time since last request: 9.457722 seconds.
  path: Assets/Player/Player 1.fbx
  artifactKey: Guid(f09710c29bc4b904892530d318c6915e) Importer(815301076,1909f56bfc062723c751e8b465ee728b)
Start importing Assets/Player/Player 1.fbx using Guid(f09710c29bc4b904892530d318c6915e) Importer(815301076,1909f56bfc062723c751e8b465ee728b)  -> (artifact id: '348d8fe3e5bc145e9d895054106aceb6') in 0.334221 seconds 
========================================================================
Received Import Request.
  Time since last request: 141.925319 seconds.
  path: Assets/Player/Player 1.fbx
  artifactKey: Guid(f09710c29bc4b904892530d318c6915e) Importer(815301076,1909f56bfc062723c751e8b465ee728b)
Start importing Assets/Player/Player 1.fbx using Guid(f09710c29bc4b904892530d318c6915e) Importer(815301076,1909f56bfc062723c751e8b465ee728b)  -> (artifact id: '13563079a86c3514f54e2c90a9572a76') in 0.365661 seconds 
========================================================================
Received Import Request.
  Time since last request: 22.057980 seconds.
  path: Assets/Player/Player 1.fbx
  artifactKey: Guid(f09710c29bc4b904892530d318c6915e) Importer(815301076,1909f56bfc062723c751e8b465ee728b)
Start importing Assets/Player/Player 1.fbx using Guid(f09710c29bc4b904892530d318c6915e) Importer(815301076,1909f56bfc062723c751e8b465ee728b)  -> (artifact id: 'f709adce75bf3c659eb7c1c314a8d345') in 0.341166 seconds 
========================================================================
Received Import Request.
  Time since last request: 91.054216 seconds.
  path: Assets/Player/Player 1.fbx
  artifactKey: Guid(f09710c29bc4b904892530d318c6915e) Importer(815301076,1909f56bfc062723c751e8b465ee728b)
Start importing Assets/Player/Player 1.fbx using Guid(f09710c29bc4b904892530d318c6915e) Importer(815301076,1909f56bfc062723c751e8b465ee728b)  -> (artifact id: 'b1986aba685be74aa92d02328e35b2f8') in 0.420109 seconds 
========================================================================
Received Import Request.
  Time since last request: 138.714128 seconds.
  path: Assets/Player/Player 1.fbx
  artifactKey: Guid(f09710c29bc4b904892530d318c6915e) Importer(815301076,1909f56bfc062723c751e8b465ee728b)
Start importing Assets/Player/Player 1.fbx using Guid(f09710c29bc4b904892530d318c6915e) Importer(815301076,1909f56bfc062723c751e8b465ee728b)  -> (artifact id: '61ce0b389d318c4453dea7f49b250585') in 0.356886 seconds 
========================================================================
Received Import Request.
  Time since last request: 105.217917 seconds.
  path: Assets/Player/Player 1.fbx
  artifactKey: Guid(f09710c29bc4b904892530d318c6915e) Importer(815301076,1909f56bfc062723c751e8b465ee728b)
Start importing Assets/Player/Player 1.fbx using Guid(f09710c29bc4b904892530d318c6915e) Importer(815301076,1909f56bfc062723c751e8b465ee728b)  -> (artifact id: '5f25aedb19d634a85b1d65fd2d78529a') in 0.450706 seconds 
========================================================================
Received Import Request.
  Time since last request: 64.725000 seconds.
  path: Assets/Player/Player 1.fbx
  artifactKey: Guid(f09710c29bc4b904892530d318c6915e) Importer(815301076,1909f56bfc062723c751e8b465ee728b)
Start importing Assets/Player/Player 1.fbx using Guid(f09710c29bc4b904892530d318c6915e) Importer(815301076,1909f56bfc062723c751e8b465ee728b)  -> (artifact id: 'f4a35f52a2280cdbf62375d63fb6d6f0') in 0.414359 seconds 
========================================================================
Received Import Request.
  Time since last request: 155.457416 seconds.
  path: Assets/Player/Player 1.fbx
  artifactKey: Guid(f09710c29bc4b904892530d318c6915e) Importer(815301076,1909f56bfc062723c751e8b465ee728b)
Start importing Assets/Player/Player 1.fbx using Guid(f09710c29bc4b904892530d318c6915e) Importer(815301076,1909f56bfc062723c751e8b465ee728b)  -> (artifact id: '330bcf3ec7b829911e46a459edf17d00') in 0.474221 seconds 
========================================================================
Received Import Request.
  Time since last request: 0.000233 seconds.
  path: Assets/Player/dead face.fbx
  artifactKey: Guid(c8c2fe7b8d7180e4fbab7d6ecf81a288) Importer(815301076,1909f56bfc062723c751e8b465ee728b)
Start importing Assets/Player/dead face.fbx using Guid(c8c2fe7b8d7180e4fbab7d6ecf81a288) Importer(815301076,1909f56bfc062723c751e8b465ee728b)  -> (artifact id: 'f050cd790f6254c751985497c1f92806') in 0.277334 seconds 
========================================================================
Received Import Request.
  Time since last request: 25.105779 seconds.
  path: Assets/Player/Player 1.fbx
  artifactKey: Guid(f09710c29bc4b904892530d318c6915e) Importer(815301076,1909f56bfc062723c751e8b465ee728b)
Start importing Assets/Player/Player 1.fbx using Guid(f09710c29bc4b904892530d318c6915e) Importer(815301076,1909f56bfc062723c751e8b465ee728b)  -> (artifact id: '59f3ade930727269c3c2bebc3dd1cf24') in 0.288173 seconds 
========================================================================
Received Import Request.
  Time since last request: 28.650787 seconds.
  path: Assets/Player/Player 1.fbx
  artifactKey: Guid(f09710c29bc4b904892530d318c6915e) Importer(815301076,1909f56bfc062723c751e8b465ee728b)
Start importing Assets/Player/Player 1.fbx using Guid(f09710c29bc4b904892530d318c6915e) Importer(815301076,1909f56bfc062723c751e8b465ee728b)  -> (artifact id: 'c5db6e4eb6c0e3c6efe7b889cca4ea31') in 0.399919 seconds 
========================================================================
Received Import Request.
  Time since last request: 78.823751 seconds.
  path: Assets/Player/Player 1.fbx
  artifactKey: Guid(f09710c29bc4b904892530d318c6915e) Importer(815301076,1909f56bfc062723c751e8b465ee728b)
Start importing Assets/Player/Player 1.fbx using Guid(f09710c29bc4b904892530d318c6915e) Importer(815301076,1909f56bfc062723c751e8b465ee728b)  -> (artifact id: '1fe695bdac4e853e1533b7705156b017') in 0.258824 seconds 
========================================================================
Received Import Request.
  Time since last request: 81.950361 seconds.
  path: Assets/Player/Player 1.fbx
  artifactKey: Guid(f09710c29bc4b904892530d318c6915e) Importer(815301076,1909f56bfc062723c751e8b465ee728b)
Start importing Assets/Player/Player 1.fbx using Guid(f09710c29bc4b904892530d318c6915e) Importer(815301076,1909f56bfc062723c751e8b465ee728b)  -> (artifact id: 'af2a70def0a51f7ce7e02697fcf16900') in 0.252862 seconds 
========================================================================
Received Import Request.
  Time since last request: 154.602144 seconds.
  path: Assets/Player/Player 1.fbx
  artifactKey: Guid(f09710c29bc4b904892530d318c6915e) Importer(815301076,1909f56bfc062723c751e8b465ee728b)
Start importing Assets/Player/Player 1.fbx using Guid(f09710c29bc4b904892530d318c6915e) Importer(815301076,1909f56bfc062723c751e8b465ee728b)  -> (artifact id: 'cb5c65ed8ebac41d3a780cd058145430') in 0.449201 seconds 
========================================================================
Received Import Request.
  Time since last request: 72.656698 seconds.
  path: Assets/Player/dead face.fbx
  artifactKey: Guid(c8c2fe7b8d7180e4fbab7d6ecf81a288) Importer(815301076,1909f56bfc062723c751e8b465ee728b)
Start importing Assets/Player/dead face.fbx using Guid(c8c2fe7b8d7180e4fbab7d6ecf81a288) Importer(815301076,1909f56bfc062723c751e8b465ee728b)  -> (artifact id: '7a22875400126908b751876744c27d37') in 0.287467 seconds 
========================================================================
Received Import Request.
  Time since last request: 38.431811 seconds.
  path: Assets/Player/face woah.fbx
  artifactKey: Guid(f02f440a2332b00489ef4e8e720619f1) Importer(815301076,1909f56bfc062723c751e8b465ee728b)
Start importing Assets/Player/face woah.fbx using Guid(f02f440a2332b00489ef4e8e720619f1) Importer(815301076,1909f56bfc062723c751e8b465ee728b)  -> (artifact id: '72bbc585f2bd8ba15cd4fbf4f925b42e') in 0.260656 seconds 
========================================================================
Received Import Request.
  Time since last request: 57.645640 seconds.
  path: Assets/Player/face woah.fbx
  artifactKey: Guid(f02f440a2332b00489ef4e8e720619f1) Importer(815301076,1909f56bfc062723c751e8b465ee728b)
Start importing Assets/Player/face woah.fbx using Guid(f02f440a2332b00489ef4e8e720619f1) Importer(815301076,1909f56bfc062723c751e8b465ee728b)  -> (artifact id: 'dd22e70abc13d1323b26b60fb9fde1e8') in 0.230208 seconds 
========================================================================
Received Import Request.
  Time since last request: 66.144428 seconds.
  path: Assets/Player/face woah.fbx
  artifactKey: Guid(f02f440a2332b00489ef4e8e720619f1) Importer(815301076,1909f56bfc062723c751e8b465ee728b)
Start importing Assets/Player/face woah.fbx using Guid(f02f440a2332b00489ef4e8e720619f1) Importer(815301076,1909f56bfc062723c751e8b465ee728b)  -> (artifact id: '96e986f44219d167fb8d5f367cb0c014') in 0.374784 seconds 
